C:\Users\pavel\OneDrive\Escritorio\SistemaProgramadores\SistemaAcademiaProgramadores\SistemaAcademiaProgramadores\Content\inspinia-master\inspinia-master\Angular_4_Seed_Project\dist\out-tsc\e2e\app.po.js
C:\Users\pavel\OneDrive\Escritorio\SistemaProgramadores\SistemaAcademiaProgramadores\SistemaAcademiaProgramadores\Content\inspinia-master\inspinia-master\Angular_4_Seed_Project\dist\out-tsc\e2e\app.po.js.map
C:\Users\pavel\OneDrive\Escritorio\SistemaProgramadores\SistemaAcademiaProgramadores\SistemaAcademiaProgramadores\Content\inspinia-master\inspinia-master\Angular_4_Seed_Project\dist\out-tsc\e2e\app.e2e-spec.js
C:\Users\pavel\OneDrive\Escritorio\SistemaProgramadores\SistemaAcademiaProgramadores\SistemaAcademiaProgramadores\Content\inspinia-master\inspinia-master\Angular_4_Seed_Project\dist\out-tsc\e2e\app.e2e-spec.js.map
C:\Users\pavel\OneDrive\Escritorio\SistemaProgramadores\SistemaAcademiaProgramadores\SistemaAcademiaProgramadores\Content\inspinia-master\inspinia-master\Angular_4_Seed_Project\dist\out-tsc\src\app\components\charts\flotChart.js
C:\Users\pavel\OneDrive\Escritorio\SistemaProgramadores\SistemaAcademiaProgramadores\SistemaAcademiaProgramadores\Content\inspinia-master\inspinia-master\Angular_4_Seed_Project\dist\out-tsc\src\app\components\charts\flotChart.js.map
C:\Users\pavel\OneDrive\Escritorio\SistemaProgramadores\SistemaAcademiaProgramadores\SistemaAcademiaProgramadores\Content\inspinia-master\inspinia-master\Angular_4_Seed_Project\dist\out-tsc\src\app\views\dashboards\dashboard1.component.js
C:\Users\pavel\OneDrive\Escritorio\SistemaProgramadores\SistemaAcademiaProgramadores\SistemaAcademiaProgramadores\Content\inspinia-master\inspinia-master\Angular_4_Seed_Project\dist\out-tsc\src\app\views\dashboards\dashboard1.component.js.map
C:\Users\pavel\OneDrive\Escritorio\SistemaProgramadores\SistemaAcademiaProgramadores\SistemaAcademiaProgramadores\Content\inspinia-master\inspinia-master\Angular_4_Seed_Project\dist\out-tsc\src\app\views\dashboards\dashboard2.component.js
C:\Users\pavel\OneDrive\Escritorio\SistemaProgramadores\SistemaAcademiaProgramadores\SistemaAcademiaProgramadores\Content\inspinia-master\inspinia-master\Angular_4_Seed_Project\dist\out-tsc\src\app\views\dashboards\dashboard2.component.js.map
C:\Users\pavel\OneDrive\Escritorio\SistemaProgramadores\SistemaAcademiaProgramadores\SistemaAcademiaProgramadores\Content\inspinia-master\inspinia-master\Angular_4_Seed_Project\dist\out-tsc\src\app\views\dashboards\dashboard3.component.js
C:\Users\pavel\OneDrive\Escritorio\SistemaProgramadores\SistemaAcademiaProgramadores\SistemaAcademiaProgramadores\Content\inspinia-master\inspinia-master\Angular_4_Seed_Project\dist\out-tsc\src\app\views\dashboards\dashboard3.component.js.map
C:\Users\pavel\OneDrive\Escritorio\SistemaProgramadores\SistemaAcademiaProgramadores\SistemaAcademiaProgramadores\Content\inspinia-master\inspinia-master\Angular_4_Seed_Project\dist\out-tsc\src\app\views\dashboards\dashboard4.component.js
C:\Users\pavel\OneDrive\Escritorio\SistemaProgramadores\SistemaAcademiaProgramadores\SistemaAcademiaProgramadores\Content\inspinia-master\inspinia-master\Angular_4_Seed_Project\dist\out-tsc\src\app\views\dashboards\dashboard4.component.js.map
C:\Users\pavel\OneDrive\Escritorio\SistemaProgramadores\SistemaAcademiaProgramadores\SistemaAcademiaProgramadores\Content\inspinia-master\inspinia-master\Angular_4_Seed_Project\dist\out-tsc\src\app\views\dashboards\dashboard41.component.js
C:\Users\pavel\OneDrive\Escritorio\SistemaProgramadores\SistemaAcademiaProgramadores\SistemaAcademiaProgramadores\Content\inspinia-master\inspinia-master\Angular_4_Seed_Project\dist\out-tsc\src\app\views\dashboards\dashboard41.component.js.map
C:\Users\pavel\OneDrive\Escritorio\SistemaProgramadores\SistemaAcademiaProgramadores\SistemaAcademiaProgramadores\Content\inspinia-master\inspinia-master\Angular_4_Seed_Project\dist\out-tsc\src\app\views\dashboards\dashboard5.component.js
C:\Users\pavel\OneDrive\Escritorio\SistemaProgramadores\SistemaAcademiaProgramadores\SistemaAcademiaProgramadores\Content\inspinia-master\inspinia-master\Angular_4_Seed_Project\dist\out-tsc\src\app\views\dashboards\dashboard5.component.js.map
C:\Users\pavel\OneDrive\Escritorio\SistemaProgramadores\SistemaAcademiaProgramadores\SistemaAcademiaProgramadores\Content\inspinia-master\inspinia-master\Angular_4_Seed_Project\dist\out-tsc\src\app\views\appviews\starterview.component.js
C:\Users\pavel\OneDrive\Escritorio\SistemaProgramadores\SistemaAcademiaProgramadores\SistemaAcademiaProgramadores\Content\inspinia-master\inspinia-master\Angular_4_Seed_Project\dist\out-tsc\src\app\views\appviews\starterview.component.js.map
C:\Users\pavel\OneDrive\Escritorio\SistemaProgramadores\SistemaAcademiaProgramadores\SistemaAcademiaProgramadores\Content\inspinia-master\inspinia-master\Angular_4_Seed_Project\dist\out-tsc\src\app\views\appviews\login.component.js
C:\Users\pavel\OneDrive\Escritorio\SistemaProgramadores\SistemaAcademiaProgramadores\SistemaAcademiaProgramadores\Content\inspinia-master\inspinia-master\Angular_4_Seed_Project\dist\out-tsc\src\app\views\appviews\login.component.js.map
C:\Users\pavel\OneDrive\Escritorio\SistemaProgramadores\SistemaAcademiaProgramadores\SistemaAcademiaProgramadores\Content\inspinia-master\inspinia-master\Angular_4_Seed_Project\dist\out-tsc\src\app\components\common\layouts\blankLayout.component.js
C:\Users\pavel\OneDrive\Escritorio\SistemaProgramadores\SistemaAcademiaProgramadores\SistemaAcademiaProgramadores\Content\inspinia-master\inspinia-master\Angular_4_Seed_Project\dist\out-tsc\src\app\components\common\layouts\blankLayout.component.js.map
C:\Users\pavel\OneDrive\Escritorio\SistemaProgramadores\SistemaAcademiaProgramadores\SistemaAcademiaProgramadores\Content\inspinia-master\inspinia-master\Angular_4_Seed_Project\dist\out-tsc\src\app\app.helpers.js
C:\Users\pavel\OneDrive\Escritorio\SistemaProgramadores\SistemaAcademiaProgramadores\SistemaAcademiaProgramadores\Content\inspinia-master\inspinia-master\Angular_4_Seed_Project\dist\out-tsc\src\app\app.helpers.js.map
C:\Users\pavel\OneDrive\Escritorio\SistemaProgramadores\SistemaAcademiaProgramadores\SistemaAcademiaProgramadores\Content\inspinia-master\inspinia-master\Angular_4_Seed_Project\dist\out-tsc\src\app\components\common\layouts\basicLayout.component.js
C:\Users\pavel\OneDrive\Escritorio\SistemaProgramadores\SistemaAcademiaProgramadores\SistemaAcademiaProgramadores\Content\inspinia-master\inspinia-master\Angular_4_Seed_Project\dist\out-tsc\src\app\components\common\layouts\basicLayout.component.js.map
C:\Users\pavel\OneDrive\Escritorio\SistemaProgramadores\SistemaAcademiaProgramadores\SistemaAcademiaProgramadores\Content\inspinia-master\inspinia-master\Angular_4_Seed_Project\dist\out-tsc\src\app\components\common\layouts\topNavigationlayout.component.js

C:\Users\pavel\OneDrive\Escritorio\SistemaProgramadores\SistemaAcademiaProgramadores\SistemaAcademiaProgramadores\Content\inspinia-master\inspinia-master\Angular_4_Seed_Project\dist\out-tsc\src\app\app.routes.js
C:\Users\pavel\OneDrive\Escritorio\SistemaProgramadores\SistemaAcademiaProgramadores\SistemaAcademiaProgramadores\Content\inspinia-master\inspinia-master\Angular_4_Seed_Project\dist\out-tsc\src\app\app.routes.js.map
C:\Users\pavel\OneDrive\Escritorio\SistemaProgramadores\SistemaAcademiaProgramadores\SistemaAcademiaProgramadores\Content\inspinia-master\inspinia-master\Angular_4_Seed_Project\dist\out-tsc\src\app\app.component.js
C:\Users\pavel\OneDrive\Escritorio\SistemaProgramadores\SistemaAcademiaProgramadores\SistemaAcademiaProgramadores\Content\inspinia-master\inspinia-master\Angular_4_Seed_Project\dist\out-tsc\src\app\app.component.js.map
C:\Users\pavel\OneDrive\Escritorio\SistemaProgramadores\SistemaAcademiaProgramadores\SistemaAcademiaProgramadores\Content\inspinia-master\inspinia-master\Angular_4_Seed_Project\dist\out-tsc\src\app\components\common\iboxtools\iboxtools.component.js
C:\Users\pavel\OneDrive\Escritorio\SistemaProgramadores\SistemaAcademiaProgramadores\SistemaAcademiaProgramadores\Content\inspinia-master\inspinia-master\Angular_4_Seed_Project\dist\out-tsc\src\app\components\common\iboxtools\iboxtools.component.js.map
C:\Users\pavel\OneDrive\Escritorio\SistemaProgramadores\SistemaAcademiaProgramadores\SistemaAcademiaProgramadores\Content\inspinia-master\inspinia-master\Angular_4_Seed_Project\dist\out-tsc\src\app\components\common\iboxtools\iboxtools.module.js
C:\Users\pavel\OneDrive\Escritorio\SistemaProgramadores\SistemaAcademiaProgramadores\SistemaAcademiaProgramadores\Content\inspinia-master\inspinia-master\Angular_4_Seed_Project\dist\out-tsc\src\app\components\common\iboxtools\iboxtools.module.js.map
C:\Users\pavel\OneDrive\Escritorio\SistemaProgramadores\SistemaAcademiaProgramadores\SistemaAcademiaProgramadores\Content\inspinia-master\inspinia-master\Angular_4_Seed_Project\dist\out-tsc\src\app\components\charts\peity.js
C:\Users\pavel\OneDrive\Escritorio\SistemaProgramadores\SistemaAcademiaProgramadores\SistemaAcademiaProgramadores\Content\inspinia-master\inspinia-master\Angular_4_Seed_Project\dist\out-tsc\src\app\components\charts\peity.js.map
C:\Users\pavel\OneDrive\Escritorio\SistemaProgramadores\SistemaAcademiaProgramadores\SistemaAcademiaProgramadores\Content\inspinia-master\inspinia-master\Angular_4_Seed_Project\dist\out-tsc\src\app\components\charts\sparkline.js
C:\Users\pavel\OneDrive\Escritorio\SistemaProgramadores\SistemaAcademiaProgramadores\SistemaAcademiaProgramadores\Content\inspinia-master\inspinia-master\Angular_4_Seed_Project\dist\out-tsc\src\app\components\charts\sparkline.js.map
C:\Users\pavel\OneDrive\Escritorio\SistemaProgramadores\SistemaAcademiaProgramadores\SistemaAcademiaProgramadores\Content\inspinia-master\inspinia-master\Angular_4_Seed_Project\dist\out-tsc\src\app\components\map\jvectorMap.js
C:\Users\pavel\OneDrive\Escritorio\SistemaProgramadores\SistemaAcademiaProgramadores\SistemaAcademiaProgramadores\Content\inspinia-master\inspinia-master\Angular_4_Seed_Project\dist\out-tsc\src\app\components\map\jvectorMap.js.map
C:\Users\pavel\OneDrive\Escritorio\SistemaProgramadores\SistemaAcademiaProgramadores\SistemaAcademiaProgramadores\Content\inspinia-master\inspinia-master\Angular_4_Seed_Project\dist\out-tsc\src\app\views\dashboards\dashboards.module.js
C:\Users\pavel\OneDrive\Escritorio\SistemaProgramadores\SistemaAcademiaProgramadores\SistemaAcademiaProgramadores\Content\inspinia-master\inspinia-master\Angular_4_Seed_Project\dist\out-tsc\src\app\views\dashboards\dashboards.module.js.map
C:\Users\pavel\OneDrive\Escritorio\SistemaProgramadores\SistemaAcademiaProgramadores\SistemaAcademiaProgramadores\Content\inspinia-master\inspinia-master\Angular_4_Seed_Project\dist\out-tsc\src\app\views\appviews\appviews.module.js
C:\Users\pavel\OneDrive\Escritorio\SistemaProgramadores\SistemaAcademiaProgramadores\SistemaAcademiaProgramadores\Content\inspinia-master\inspinia-master\Angular_4_Seed_Project\dist\out-tsc\src\app\views\appviews\appviews.module.js.map
C:\Users\pavel\OneDrive\Escritorio\SistemaProgramadores\SistemaAcademiaProgramadores\SistemaAcademiaProgramadores\Content\inspinia-master\inspinia-master\Angular_4_Seed_Project\dist\out-tsc\src\app\components\common\navigation\navigation.component.js
C:\Users\pavel\OneDrive\Escritorio\SistemaProgramadores\SistemaAcademiaProgramadores\SistemaAcademiaProgramadores\Content\inspinia-master\inspinia-master\Angular_4_Seed_Project\dist\out-tsc\src\app\components\common\navigation\navigation.component.js.map
C:\Users\pavel\OneDrive\Escritorio\SistemaProgramadores\SistemaAcademiaProgramadores\SistemaAcademiaProgramadores\Content\inspinia-master\inspinia-master\Angular_4_Seed_Project\dist\out-tsc\src\app\components\common\footer\footer.component.js
C:\Users\pavel\OneDrive\Escritorio\SistemaProgramadores\SistemaAcademiaProgramadores\SistemaAcademiaProgramadores\Content\inspinia-master\inspinia-master\Angular_4_Seed_Project\dist\out-tsc\src\app\components\common\footer\footer.component.js.map
C:\Users\pavel\OneDrive\Escritorio\SistemaProgramadores\SistemaAcademiaProgramadores\SistemaAcademiaProgramadores\Content\inspinia-master\inspinia-master\Angular_4_Seed_Project\dist\out-tsc\src\app\components\common\topnavbar\topnavbar.component.js
C:\Users\pavel\OneDrive\Escritorio\SistemaProgramadores\SistemaAcademiaProgramadores\SistemaAcademiaProgramadores\Content\inspinia-master\inspinia-master\Angular_4_Seed_Project\dist\out-tsc\src\app\components\common\topnavbar\topnavbar.component.js.map
C:\Users\pavel\OneDrive\Escritorio\SistemaProgramadores\SistemaAcademiaProgramadores\SistemaAcademiaProgramadores\Content\inspinia-master\inspinia-master\Angular_4_Seed_Project\dist\out-tsc\src\app\components\common\topnavbar\topnavigationnavbar.component.js

C:\Users\pavel\OneDrive\Escritorio\SistemaProgramadores\SistemaAcademiaProgramadores\SistemaAcademiaProgramadores\Content\inspinia-master\inspinia-master\Angular_4_Seed_Project\dist\out-tsc\src\app\components\common\layouts\layouts.module.js
C:\Users\pavel\OneDrive\Escritorio\SistemaProgramadores\SistemaAcademiaProgramadores\SistemaAcademiaProgramadores\Content\inspinia-master\inspinia-master\Angular_4_Seed_Project\dist\out-tsc\src\app\components\common\layouts\layouts.module.js.map
C:\Users\pavel\OneDrive\Escritorio\SistemaProgramadores\SistemaAcademiaProgramadores\SistemaAcademiaProgramadores\Content\inspinia-master\inspinia-master\Angular_4_Seed_Project\dist\out-tsc\src\app\app.module.js
C:\Users\pavel\OneDrive\Escritorio\SistemaProgramadores\SistemaAcademiaProgramadores\SistemaAcademiaProgramadores\Content\inspinia-master\inspinia-master\Angular_4_Seed_Project\dist\out-tsc\src\app\app.module.js.map
C:\Users\pavel\OneDrive\Escritorio\SistemaProgramadores\SistemaAcademiaProgramadores\SistemaAcademiaProgramadores\Content\inspinia-master\inspinia-master\Angular_4_Seed_Project\dist\out-tsc\src\environments\environment.js
C:\Users\pavel\OneDrive\Escritorio\SistemaProgramadores\SistemaAcademiaProgramadores\SistemaAcademiaProgramadores\Content\inspinia-master\inspinia-master\Angular_4_Seed_Project\dist\out-tsc\src\environments\environment.js.map
C:\Users\pavel\OneDrive\Escritorio\SistemaProgramadores\SistemaAcademiaProgramadores\SistemaAcademiaProgramadores\Content\inspinia-master\inspinia-master\Angular_4_Seed_Project\dist\out-tsc\src\main.js
C:\Users\pavel\OneDrive\Escritorio\SistemaProgramadores\SistemaAcademiaProgramadores\SistemaAcademiaProgramadores\Content\inspinia-master\inspinia-master\Angular_4_Seed_Project\dist\out-tsc\src\main.js.map
C:\Users\pavel\OneDrive\Escritorio\SistemaProgramadores\SistemaAcademiaProgramadores\SistemaAcademiaProgramadores\Content\inspinia-master\inspinia-master\Angular_4_Seed_Project\dist\out-tsc\src\polyfills.js
C:\Users\pavel\OneDrive\Escritorio\SistemaProgramadores\SistemaAcademiaProgramadores\SistemaAcademiaProgramadores\Content\inspinia-master\inspinia-master\Angular_4_Seed_Project\dist\out-tsc\src\polyfills.js.map
C:\Users\pavel\OneDrive\Escritorio\SistemaProgramadores\SistemaAcademiaProgramadores\SistemaAcademiaProgramadores\Content\inspinia-master\inspinia-master\Angular_4_Seed_Project\dist\out-tsc\src\test.js
C:\Users\pavel\OneDrive\Escritorio\SistemaProgramadores\SistemaAcademiaProgramadores\SistemaAcademiaProgramadores\Content\inspinia-master\inspinia-master\Angular_4_Seed_Project\dist\out-tsc\src\test.js.map
C:\Users\pavel\OneDrive\Escritorio\SistemaProgramadores\SistemaAcademiaProgramadores\SistemaAcademiaProgramadores\Content\inspinia-master\inspinia-master\Angular_4_Seed_Project\dist\out-tsc\src\app\app.component.spec.js
C:\Users\pavel\OneDrive\Escritorio\SistemaProgramadores\SistemaAcademiaProgramadores\SistemaAcademiaProgramadores\Content\inspinia-master\inspinia-master\Angular_4_Seed_Project\dist\out-tsc\src\app\app.component.spec.js.map
C:\Users\pavel\OneDrive\Escritorio\SistemaProgramadores\SistemaAcademiaProgramadores\SistemaAcademiaProgramadores\Content\inspinia-master\inspinia-master\Angular_4_Seed_Project\dist\out-tsc\src\environments\environment.prod.js
C:\Users\pavel\OneDrive\Escritorio\SistemaProgramadores\SistemaAcademiaProgramadores\SistemaAcademiaProgramadores\Content\inspinia-master\inspinia-master\Angular_4_Seed_Project\dist\out-tsc\src\environments\environment.prod.js.map
